[INFO ] 2023-12-28 16:57:39.120 [main] ValidationView - Log in or registration?
[INFO ] 2023-12-28 16:57:39.132 [main] ValidationView - 1: log in
[INFO ] 2023-12-28 16:57:39.133 [main] ValidationView - 2: registration
[INFO ] 2023-12-28 17:00:45.692 [main] ValidationView - Log in or registration?
[INFO ] 2023-12-28 17:00:45.698 [main] ValidationView - 1: log in
[INFO ] 2023-12-28 17:00:45.699 [main] ValidationView - 2: registration
[INFO ] 2023-12-28 17:00:59.690 [main] ValidationView - Log in or registration?
[INFO ] 2023-12-28 17:00:59.697 [main] ValidationView - 1: log in
[INFO ] 2023-12-28 17:00:59.697 [main] ValidationView - 2: registration
[INFO ] 2023-12-28 17:01:11.577 [main] ValidationView - Input login
[INFO ] 2023-12-28 17:01:26.342 [main] ValidationView - Input password
[INFO ] 2023-12-28 17:01:40.179 [main] CustomerProfileView - nickname: User#36
[INFO ] 2023-12-28 17:01:40.180 [main] CustomerProfileView - phone: None
[INFO ] 2023-12-28 17:01:40.180 [main] CustomerProfileView - email: test@jdbc.com
[INFO ] 2023-12-28 17:01:40.181 [main] CustomerProfileView - 1: profile
[INFO ] 2023-12-28 17:01:40.181 [main] CustomerProfileView - 2: orders
[DEBUG] 2023-12-28 17:01:46.397 [main] CustomerProfileView - 1: create new order
[DEBUG] 2023-12-28 17:01:46.397 [main] CustomerProfileView - 2: check order history
[DEBUG] 2023-12-28 17:01:46.398 [main] CustomerProfileView - 3: return
[DEBUG] 2023-12-28 17:01:49.782 [main] CustomerProfileView - Type: 
[DEBUG] 2023-12-28 17:02:27.536 [main] CustomerProfileView - Producer: 
[DEBUG] 2023-12-28 17:02:34.093 [main] CustomerProfileView - Model: 
[DEBUG] 2023-12-28 17:02:42.800 [main] CustomerProfileView - Price: 
[ERROR] 2023-12-28 17:02:52.897 [main] ServiceCentersDAO - Some error with table users
query is 
 SELECT sc.id, sc.name, sc.address, sc.photo, sc. sc.description, MIN(myCount) FROM 
 (SELECT *, COUNT(serviceCenterID) as myCount FROM order_executions WHERE returned = 0 GROUP BY serviceCenterID) 
 AS result
 JOIN service_centers AS sc ON sc.id = result.serviceCenterId
Exception is java.sql.SQLSyntaxErrorException: Unknown column 'sc.sc.description' in 'field list'
[INFO ] 2023-12-28 17:03:21.052 [main] ValidationView - Log in or registration?
[INFO ] 2023-12-28 17:03:21.058 [main] ValidationView - 1: log in
[INFO ] 2023-12-28 17:03:21.059 [main] ValidationView - 2: registration
[INFO ] 2023-12-28 17:03:23.277 [main] ValidationView - Input login
[INFO ] 2023-12-28 17:03:44.433 [main] ValidationView - Input password
[INFO ] 2023-12-28 17:03:47.659 [main] CustomerProfileView - nickname: User#36
[INFO ] 2023-12-28 17:03:47.660 [main] CustomerProfileView - phone: None
[INFO ] 2023-12-28 17:03:47.660 [main] CustomerProfileView - email: test@jdbc.com
[INFO ] 2023-12-28 17:03:47.661 [main] CustomerProfileView - 1: profile
[INFO ] 2023-12-28 17:03:47.661 [main] CustomerProfileView - 2: orders
[DEBUG] 2023-12-28 17:04:13.780 [main] CustomerProfileView - 1: create new order
[DEBUG] 2023-12-28 17:04:13.780 [main] CustomerProfileView - 2: check order history
[DEBUG] 2023-12-28 17:04:13.781 [main] CustomerProfileView - 3: return
[DEBUG] 2023-12-28 17:04:15.296 [main] CustomerProfileView - Type: 
[DEBUG] 2023-12-28 17:04:24.062 [main] CustomerProfileView - Producer: 
[DEBUG] 2023-12-28 17:04:29.675 [main] CustomerProfileView - Model: 
[DEBUG] 2023-12-28 17:04:33.002 [main] CustomerProfileView - Price: 
[ERROR] 2023-12-28 17:04:35.644 [main] ProblemsDAO - Some error with table problems
query is INSERT INTO problems(typeId)  VALUES ( 1 )
Exception is java.sql.SQLException: Field 'description' doesn't have a default value
[INFO ] 2023-12-28 17:08:43.374 [main] ValidationView - Log in or registration?
[INFO ] 2023-12-28 17:08:43.382 [main] ValidationView - 1: log in
[INFO ] 2023-12-28 17:08:43.382 [main] ValidationView - 2: registration
[INFO ] 2023-12-28 17:08:45.711 [main] ValidationView - Input login
[INFO ] 2023-12-28 17:08:49.266 [main] ValidationView - Input password
[INFO ] 2023-12-28 17:08:51.372 [main] ValidationView - User with loginqwertyalready existed
[INFO ] 2023-12-28 17:08:51.372 [main] ValidationView - Log in or registration?
[INFO ] 2023-12-28 17:08:51.372 [main] ValidationView - 1: log in
[INFO ] 2023-12-28 17:08:51.373 [main] ValidationView - 2: registration
[INFO ] 2023-12-28 17:09:07.156 [main] ValidationView - Input login
[INFO ] 2023-12-28 17:09:11.929 [main] ValidationView - Input password
[INFO ] 2023-12-28 17:09:15.679 [main] CustomerProfileView - nickname: User#37
[INFO ] 2023-12-28 17:09:15.680 [main] CustomerProfileView - phone: None
[INFO ] 2023-12-28 17:09:15.680 [main] CustomerProfileView - email: zxcvbnm
[INFO ] 2023-12-28 17:09:15.681 [main] CustomerProfileView - 1: profile
[INFO ] 2023-12-28 17:09:15.681 [main] CustomerProfileView - 2: orders
[DEBUG] 2023-12-28 17:09:21.181 [main] CustomerProfileView - 1: create new order
[DEBUG] 2023-12-28 17:09:21.182 [main] CustomerProfileView - 2: check order history
[DEBUG] 2023-12-28 17:09:21.182 [main] CustomerProfileView - 3: return
[DEBUG] 2023-12-28 17:09:22.884 [main] CustomerProfileView - Type: 
[DEBUG] 2023-12-28 17:09:24.426 [main] CustomerProfileView - Producer: 
[DEBUG] 2023-12-28 17:09:25.270 [main] CustomerProfileView - Model: 
[DEBUG] 2023-12-28 17:09:26.411 [main] CustomerProfileView - Price: 
[INFO ] 2023-12-28 17:14:28.481 [main] ValidationView - Log in or registration?
[INFO ] 2023-12-28 17:14:28.486 [main] ValidationView - 1: log in
[INFO ] 2023-12-28 17:14:28.487 [main] ValidationView - 2: registration
[INFO ] 2023-12-28 17:14:30.913 [main] ValidationView - Input login
[INFO ] 2023-12-28 17:14:33.531 [main] ValidationView - Input password
[INFO ] 2023-12-28 17:14:42.415 [main] CustomerProfileView - nickname: User#38
[INFO ] 2023-12-28 17:14:42.416 [main] CustomerProfileView - phone: None
[INFO ] 2023-12-28 17:14:42.416 [main] CustomerProfileView - email: ljshoijjl
[INFO ] 2023-12-28 17:14:42.417 [main] CustomerProfileView - 1: profile
[INFO ] 2023-12-28 17:14:42.418 [main] CustomerProfileView - 2: orders
[DEBUG] 2023-12-28 17:14:45.372 [main] CustomerProfileView - 1: create new order
[DEBUG] 2023-12-28 17:14:45.373 [main] CustomerProfileView - 2: check order history
[DEBUG] 2023-12-28 17:14:45.374 [main] CustomerProfileView - 3: return
[DEBUG] 2023-12-28 17:14:57.073 [main] CustomerProfileView - Type: 
[DEBUG] 2023-12-28 17:15:01.545 [main] CustomerProfileView - Producer: 
[DEBUG] 2023-12-28 17:15:03.665 [main] CustomerProfileView - Model: 
[DEBUG] 2023-12-28 17:15:24.834 [main] CustomerProfileView - Price: 
[INFO ] 2023-12-28 17:18:17.779 [main] ValidationView - Log in or registration?
[INFO ] 2023-12-28 17:18:17.783 [main] ValidationView - 1: log in
[INFO ] 2023-12-28 17:18:17.783 [main] ValidationView - 2: registration
[INFO ] 2023-12-28 17:18:24.689 [main] ValidationView - Input login
[INFO ] 2023-12-28 17:18:26.833 [main] ValidationView - Input password
[INFO ] 2023-12-28 17:18:28.710 [main] CustomerProfileView - nickname: User#39
[INFO ] 2023-12-28 17:18:28.711 [main] CustomerProfileView - phone: None
[INFO ] 2023-12-28 17:18:28.711 [main] CustomerProfileView - email: okjm
[INFO ] 2023-12-28 17:18:28.712 [main] CustomerProfileView - 1: profile
[INFO ] 2023-12-28 17:18:28.712 [main] CustomerProfileView - 2: orders
[DEBUG] 2023-12-28 17:18:30.753 [main] CustomerProfileView - 1: create new order
[DEBUG] 2023-12-28 17:18:30.754 [main] CustomerProfileView - 2: check order history
[DEBUG] 2023-12-28 17:18:30.754 [main] CustomerProfileView - 3: return
[DEBUG] 2023-12-28 17:18:32.399 [main] CustomerProfileView - Type: 
[DEBUG] 2023-12-28 17:18:34.361 [main] CustomerProfileView - Producer: 
[DEBUG] 2023-12-28 17:18:35.243 [main] CustomerProfileView - Model: 
[DEBUG] 2023-12-28 17:18:36.312 [main] CustomerProfileView - Price: 
[ERROR] 2023-12-28 17:18:38.071 [main] UsersDAO - Some error with table order_executions
query is INSERT INTO order_executions(employerId, cost, returned, serviceCenterId, finishDate)  VALUES ( 33, '173.67', 0, 'null', 16 )
Exception is java.sql.SQLException: Incorrect integer value: 'null' for column 'serviceCenterID' at row 1
[INFO ] 2023-12-28 17:25:59.506 [main] CustomerProfileView - nickname: pas2
[INFO ] 2023-12-28 17:25:59.512 [main] CustomerProfileView - phone: 1
[INFO ] 2023-12-28 17:25:59.512 [main] CustomerProfileView - email: log2
[INFO ] 2023-12-28 17:25:59.513 [main] CustomerProfileView - 1: profile
[INFO ] 2023-12-28 17:25:59.513 [main] CustomerProfileView - 2: orders
[DEBUG] 2023-12-28 17:26:03.849 [main] CustomerProfileView - 1: create new order
[DEBUG] 2023-12-28 17:26:03.850 [main] CustomerProfileView - 2: check order history
[DEBUG] 2023-12-28 17:26:03.850 [main] CustomerProfileView - 3: return
[DEBUG] 2023-12-28 17:26:05.147 [main] CustomerProfileView - Type: 
[DEBUG] 2023-12-28 17:26:06.679 [main] CustomerProfileView - Producer: 
[DEBUG] 2023-12-28 17:26:07.417 [main] CustomerProfileView - Model: 
[DEBUG] 2023-12-28 17:26:08.407 [main] CustomerProfileView - Price: 
[ERROR] 2023-12-28 17:32:07.287 [main] UsersDAO - Some error with table order_executions
query is INSERT INTO order_executions(employerId, cost, returned, serviceCenterId, finishDate)  VALUES ( 2, '179.58', 0, 'null', 2147483647 )
Exception is java.sql.SQLException: Incorrect integer value: 'null' for column 'serviceCenterID' at row 1
[INFO ] 2023-12-28 17:34:07.390 [main] CustomerProfileView - nickname: pas2
[INFO ] 2023-12-28 17:34:07.395 [main] CustomerProfileView - phone: 1
[INFO ] 2023-12-28 17:34:07.396 [main] CustomerProfileView - email: log2
[INFO ] 2023-12-28 17:34:07.397 [main] CustomerProfileView - 1: profile
[INFO ] 2023-12-28 17:34:07.397 [main] CustomerProfileView - 2: orders
[DEBUG] 2023-12-28 17:34:11.826 [main] CustomerProfileView - 1: create new order
[DEBUG] 2023-12-28 17:34:11.826 [main] CustomerProfileView - 2: check order history
[DEBUG] 2023-12-28 17:34:11.827 [main] CustomerProfileView - 3: return
[DEBUG] 2023-12-28 17:34:13.790 [main] CustomerProfileView - Type: 
[DEBUG] 2023-12-28 17:34:16.931 [main] CustomerProfileView - Producer: 
[DEBUG] 2023-12-28 17:34:18.255 [main] CustomerProfileView - Model: 
[DEBUG] 2023-12-28 17:34:19.082 [main] CustomerProfileView - Price: 
[ERROR] 2023-12-28 17:34:48.378 [main] UsersDAO - Some error with table orders
query is INSERT INTO orders(userId, equipmentId, executeId)  VALUES ( 6, 'com.solvd.repairService.model.Equipments@33fe57a9', 6 )
Exception is java.sql.SQLException: Incorrect integer value: 'com.solvd.repairService.model.Equipments@33fe57a9' for column 'equipmentId' at row 1
[INFO ] 2023-12-28 17:37:28.044 [main] CustomerProfileView - nickname: pas2
[INFO ] 2023-12-28 17:37:28.049 [main] CustomerProfileView - phone: 1
[INFO ] 2023-12-28 17:37:28.050 [main] CustomerProfileView - email: log2
[INFO ] 2023-12-28 17:37:28.050 [main] CustomerProfileView - 1: profile
[INFO ] 2023-12-28 17:37:28.051 [main] CustomerProfileView - 2: orders
[DEBUG] 2023-12-28 17:37:36.139 [main] CustomerProfileView - 1: create new order
[DEBUG] 2023-12-28 17:37:36.140 [main] CustomerProfileView - 2: check order history
[DEBUG] 2023-12-28 17:37:36.140 [main] CustomerProfileView - 3: return
[DEBUG] 2023-12-28 17:37:37.271 [main] CustomerProfileView - Type: 
[DEBUG] 2023-12-28 17:37:39.591 [main] CustomerProfileView - Producer: 
[DEBUG] 2023-12-28 17:37:41.196 [main] CustomerProfileView - Model: 
[DEBUG] 2023-12-28 17:37:44.194 [main] CustomerProfileView - Price: 
[INFO ] 2023-12-28 17:39:31.997 [main] ValidationView - Log in or registration?
[INFO ] 2023-12-28 17:39:32.575 [main] ValidationView - 1: log in
[INFO ] 2023-12-28 17:39:33.028 [main] ValidationView - 2: registration
[INFO ] 2023-12-28 17:42:48.051 [main] CustomerProfileView - nickname: pas2
[INFO ] 2023-12-28 17:42:48.056 [main] CustomerProfileView - phone: 1
[INFO ] 2023-12-28 17:42:48.056 [main] CustomerProfileView - email: log2
[INFO ] 2023-12-28 17:42:48.057 [main] CustomerProfileView - 1: profile
[INFO ] 2023-12-28 17:42:48.057 [main] CustomerProfileView - 2: orders
[DEBUG] 2023-12-28 17:42:50.932 [main] CustomerProfileView - 1: create new order
[DEBUG] 2023-12-28 17:42:50.933 [main] CustomerProfileView - 2: check order history
[DEBUG] 2023-12-28 17:42:50.934 [main] CustomerProfileView - 3: return
[ERROR] 2023-12-28 17:42:52.078 [main] UsersDAO - Some error with table users
query is  SELECT o.id AS oId, userId, equipmentId, executeId, oe.id AS oeID, employerId, cost, finishDate, returned, serviceCenterID, e.id as eId, equipmentType, producer, model, price  from orders AS o JOIN order_executions AS oe on executeId = oe.id JOIN equipments AS e on equipmentId = e.id WHERE userId = 6
Exception is java.sql.SQLSyntaxErrorException: Unknown column 'equipmentType' in 'field list'
[INFO ] 2023-12-28 17:43:08.728 [main] CustomerProfileView - nickname: pas2
[INFO ] 2023-12-28 17:43:08.733 [main] CustomerProfileView - phone: 1
[INFO ] 2023-12-28 17:43:08.734 [main] CustomerProfileView - email: log2
[INFO ] 2023-12-28 17:43:08.735 [main] CustomerProfileView - 1: profile
[INFO ] 2023-12-28 17:43:08.735 [main] CustomerProfileView - 2: orders
[DEBUG] 2023-12-28 17:43:21.739 [main] CustomerProfileView - 1: create new order
[DEBUG] 2023-12-28 17:43:21.740 [main] CustomerProfileView - 2: check order history
[DEBUG] 2023-12-28 17:43:21.740 [main] CustomerProfileView - 3: return
[ERROR] 2023-12-28 17:44:21.560 [main] UsersDAO - Some error with table users
query is  SELECT o.id AS oId, userId, equipmentId, executeId, oe.id AS oeID, employerId, cost, finishDate, returned, serviceCenterID, e.id as eId, equipmentType, producer, model, price  from orders AS o JOIN order_executions AS oe on executeId = oe.id JOIN equipments AS e on equipmentId = e.id WHERE userId = 6
Exception is java.sql.SQLSyntaxErrorException: Unknown column 'equipmentType' in 'field list'
[INFO ] 2023-12-28 17:44:24.888 [main] CustomerProfileView - nickname: pas2
[INFO ] 2023-12-28 17:44:24.895 [main] CustomerProfileView - phone: 1
[INFO ] 2023-12-28 17:44:24.896 [main] CustomerProfileView - email: log2
[INFO ] 2023-12-28 17:44:24.897 [main] CustomerProfileView - 1: profile
[INFO ] 2023-12-28 17:44:24.897 [main] CustomerProfileView - 2: orders
[DEBUG] 2023-12-28 17:44:26.808 [main] CustomerProfileView - 1: create new order
[DEBUG] 2023-12-28 17:44:26.809 [main] CustomerProfileView - 2: check order history
[DEBUG] 2023-12-28 17:44:26.810 [main] CustomerProfileView - 3: return
[INFO ] 2023-12-28 17:45:50.936 [main] CustomerProfileView - nickname: pas2
[INFO ] 2023-12-28 17:45:50.942 [main] CustomerProfileView - phone: 1
[INFO ] 2023-12-28 17:45:50.943 [main] CustomerProfileView - email: log2
[INFO ] 2023-12-28 17:45:50.944 [main] CustomerProfileView - 1: profile
[INFO ] 2023-12-28 17:45:50.945 [main] CustomerProfileView - 2: orders
[DEBUG] 2023-12-28 17:45:52.343 [main] CustomerProfileView - 1: create new order
[DEBUG] 2023-12-28 17:45:52.345 [main] CustomerProfileView - 2: check order history
[DEBUG] 2023-12-28 17:45:52.345 [main] CustomerProfileView - 3: return
[ERROR] 2023-12-28 17:46:17.632 [main] UsersDAO - Some error with table users
query is  SELECT o.id AS oId, userId, equipmentId, executeId, oe.id AS oeID, employerId, cost, finishDate, returned, serviceCenterID, e.id as eId, type, producer, model, price  from orders AS o JOIN order_executions AS oe on executeId = oe.id JOIN equipments AS e on equipmentId = e.id WHERE userId = 6
Exception is java.sql.SQLException: Column 'equipmentType' not found.
[INFO ] 2023-12-28 17:46:23.133 [main] CustomerProfileView - nickname: pas2
[INFO ] 2023-12-28 17:46:23.140 [main] CustomerProfileView - phone: 1
[INFO ] 2023-12-28 17:46:23.141 [main] CustomerProfileView - email: log2
[INFO ] 2023-12-28 17:46:23.141 [main] CustomerProfileView - 1: profile
[INFO ] 2023-12-28 17:46:23.142 [main] CustomerProfileView - 2: orders
[DEBUG] 2023-12-28 17:46:31.234 [main] CustomerProfileView - 1: create new order
[DEBUG] 2023-12-28 17:46:31.235 [main] CustomerProfileView - 2: check order history
[DEBUG] 2023-12-28 17:46:31.235 [main] CustomerProfileView - 3: return
[INFO ] 2023-12-28 17:46:49.267 [main] CustomerProfileView - 1 of Orders
[INFO ] 2023-12-28 17:46:51.099 [main] CustomerProfileView - Number of order is 4. Device is yuiuio null dfghhdfghj
 Status:  not returned, finish date is 2147483647, cost is 233.0

[INFO ] 2023-12-28 18:14:12.060 [main] ValidationView - Log in or registration?
[INFO ] 2023-12-28 18:14:12.062 [main] ValidationView - 1: log in
[INFO ] 2023-12-28 18:14:12.063 [main] ValidationView - 2: registration
[DEBUG] 2023-12-28 18:20:51.407 [main] ValidationView - JDBC or my batis?
[DEBUG] 2023-12-28 18:20:51.424 [main] ValidationView - 1: JDBC
[DEBUG] 2023-12-28 18:20:51.425 [main] ValidationView - 2: XML
[DEBUG] 2023-12-28 18:20:55.316 [main] ValidationView - JDBC or my batis?
[DEBUG] 2023-12-28 18:20:55.317 [main] ValidationView - 1: JDBC
[DEBUG] 2023-12-28 18:20:55.318 [main] ValidationView - 2: XML
[DEBUG] 2023-12-28 18:20:56.208 [main] ValidationView - JDBC or my batis?
[DEBUG] 2023-12-28 18:20:56.209 [main] ValidationView - 1: JDBC
[DEBUG] 2023-12-28 18:20:56.209 [main] ValidationView - 2: XML
[DEBUG] 2023-12-28 18:20:57.108 [main] ValidationView - JDBC or my batis?
[DEBUG] 2023-12-28 18:20:57.108 [main] ValidationView - 1: JDBC
[DEBUG] 2023-12-28 18:20:57.109 [main] ValidationView - 2: XML
[INFO ] 2023-12-28 18:20:58.952 [main] ValidationView - Log in or registration?
[INFO ] 2023-12-28 18:20:58.952 [main] ValidationView - 1: log in
[INFO ] 2023-12-28 18:20:58.953 [main] ValidationView - 2: registration
[DEBUG] 2023-12-28 18:37:04.139 [main] ValidationView - JDBC or my batis?
[DEBUG] 2023-12-28 18:37:04.145 [main] ValidationView - 1: JDBC
[DEBUG] 2023-12-28 18:37:04.145 [main] ValidationView - 2: XML
[INFO ] 2023-12-28 18:37:08.830 [main] ValidationView - Log in or registration?
[INFO ] 2023-12-28 18:37:08.831 [main] ValidationView - 1: log in
[INFO ] 2023-12-28 18:37:08.831 [main] ValidationView - 2: registration
[DEBUG] 2023-12-28 20:11:23.105 [main] ValidationView - JDBC or my batis?
[DEBUG] 2023-12-28 20:11:23.112 [main] ValidationView - 1: JDBC
[DEBUG] 2023-12-28 20:11:23.113 [main] ValidationView - 2: XML
[INFO ] 2023-12-28 20:11:25.264 [main] ValidationView - Log in or registration?
[INFO ] 2023-12-28 20:11:25.265 [main] ValidationView - 1: log in
[INFO ] 2023-12-28 20:11:25.265 [main] ValidationView - 2: registration
[INFO ] 2023-12-28 20:11:26.787 [main] ValidationView - Input login
[INFO ] 2023-12-28 20:11:30.307 [main] ValidationView - Input password
[INFO ] 2023-12-28 20:11:33.155 [main] CustomerProfileView - nickname: User#40
[INFO ] 2023-12-28 20:11:33.156 [main] CustomerProfileView - phone: None
[INFO ] 2023-12-28 20:11:33.156 [main] CustomerProfileView - email: MyUser
[INFO ] 2023-12-28 20:11:33.156 [main] CustomerProfileView - 1: profile
[INFO ] 2023-12-28 20:11:33.157 [main] CustomerProfileView - 2: orders
[DEBUG] 2023-12-28 20:11:58.555 [main] CustomerProfileView - 1: change nickname
[DEBUG] 2023-12-28 20:11:58.555 [main] CustomerProfileView - 2: change phone
[DEBUG] 2023-12-28 20:11:58.556 [main] CustomerProfileView - 3: advanced settings
[INFO ] 2023-12-28 20:12:03.466 [main] CustomerProfileView - nickname: User#40
[INFO ] 2023-12-28 20:12:03.467 [main] CustomerProfileView - phone: None
[INFO ] 2023-12-28 20:12:03.467 [main] CustomerProfileView - email: MyUser
[INFO ] 2023-12-28 20:12:03.467 [main] CustomerProfileView - 1: profile
[INFO ] 2023-12-28 20:12:03.468 [main] CustomerProfileView - 2: orders
[DEBUG] 2023-12-28 20:12:08.259 [main] CustomerProfileView - 1: create new order
[DEBUG] 2023-12-28 20:12:08.259 [main] CustomerProfileView - 2: check order history
[DEBUG] 2023-12-28 20:12:08.259 [main] CustomerProfileView - 3: return
[DEBUG] 2023-12-28 20:12:10.569 [main] CustomerProfileView - Type: 
[DEBUG] 2023-12-28 20:12:15.647 [main] CustomerProfileView - Producer: 
[DEBUG] 2023-12-28 20:12:20.915 [main] CustomerProfileView - Model: 
[DEBUG] 2023-12-28 20:12:37.186 [main] CustomerProfileView - Price: 
[DEBUG] 2023-12-28 20:15:14.863 [main] ValidationView - JDBC or my batis?
[DEBUG] 2023-12-28 20:15:14.869 [main] ValidationView - 1: JDBC
[DEBUG] 2023-12-28 20:15:14.869 [main] ValidationView - 2: XML
[INFO ] 2023-12-28 20:15:16.478 [main] ValidationView - Log in or registration?
[INFO ] 2023-12-28 20:15:16.479 [main] ValidationView - 1: log in
[INFO ] 2023-12-28 20:15:16.479 [main] ValidationView - 2: registration
[INFO ] 2023-12-28 20:15:17.638 [main] ValidationView - Input login
[INFO ] 2023-12-28 20:15:28.084 [main] ValidationView - Input password
[INFO ] 2023-12-28 20:15:30.276 [main] CustomerProfileView - nickname: User#40
[INFO ] 2023-12-28 20:15:30.276 [main] CustomerProfileView - phone: None
[INFO ] 2023-12-28 20:15:30.277 [main] CustomerProfileView - email: MyUser
[INFO ] 2023-12-28 20:15:30.277 [main] CustomerProfileView - 1: profile
[INFO ] 2023-12-28 20:15:30.278 [main] CustomerProfileView - 2: orders
[DEBUG] 2023-12-28 20:15:31.968 [main] CustomerProfileView - 1: create new order
[DEBUG] 2023-12-28 20:15:31.968 [main] CustomerProfileView - 2: check order history
[DEBUG] 2023-12-28 20:15:31.969 [main] CustomerProfileView - 3: return
[DEBUG] 2023-12-28 20:15:35.212 [main] CustomerProfileView - Type: 
[DEBUG] 2023-12-28 20:15:39.011 [main] CustomerProfileView - Producer: 
[DEBUG] 2023-12-28 20:15:39.784 [main] CustomerProfileView - Model: 
[DEBUG] 2023-12-28 20:15:40.393 [main] CustomerProfileView - Price: 
[DEBUG] 2023-12-28 20:34:14.965 [main] ValidationView - JDBC or my batis?
[DEBUG] 2023-12-28 20:34:14.971 [main] ValidationView - 1: JDBC
[DEBUG] 2023-12-28 20:34:14.972 [main] ValidationView - 2: XML
[DEBUG] 2023-12-28 20:34:20.498 [main] ValidationView - JDBC or my batis?
[DEBUG] 2023-12-28 20:34:20.504 [main] ValidationView - 1: JDBC
[DEBUG] 2023-12-28 20:34:20.505 [main] ValidationView - 2: XML
[INFO ] 2023-12-28 20:34:22.458 [main] ValidationView - Log in or registration?
[INFO ] 2023-12-28 20:34:22.459 [main] ValidationView - 1: log in
[INFO ] 2023-12-28 20:34:22.459 [main] ValidationView - 2: registration
[INFO ] 2023-12-28 20:34:23.342 [main] ValidationView - Input login
[INFO ] 2023-12-28 20:34:30.109 [main] ValidationView - Input password
[INFO ] 2023-12-28 20:34:32.939 [main] CustomerProfileView - nickname: User#40
[INFO ] 2023-12-28 20:34:32.939 [main] CustomerProfileView - phone: None
[INFO ] 2023-12-28 20:34:32.940 [main] CustomerProfileView - email: MyUser
[INFO ] 2023-12-28 20:34:32.940 [main] CustomerProfileView - 1: profile
[INFO ] 2023-12-28 20:34:32.940 [main] CustomerProfileView - 2: orders
[DEBUG] 2023-12-28 20:34:37.045 [main] CustomerProfileView - 1: create new order
[DEBUG] 2023-12-28 20:34:37.046 [main] CustomerProfileView - 2: check order history
[DEBUG] 2023-12-28 20:34:37.046 [main] CustomerProfileView - 3: return
[DEBUG] 2023-12-28 20:34:38.338 [main] CustomerProfileView - Type: 
[DEBUG] 2023-12-28 20:34:39.889 [main] CustomerProfileView - Producer: 
[DEBUG] 2023-12-28 20:34:40.520 [main] CustomerProfileView - Model: 
[DEBUG] 2023-12-28 20:34:41.436 [main] CustomerProfileView - Price: 
[ERROR] 2023-12-28 20:35:22.867 [main] ServiceCentersDAO - Some error with table users
query is SELECT *, MAX(myCount) FROM
 ( 
 SELECT sc.id, sc.name, sc.description, COUNT(sc.id) as myCount FROM service_centers AS sc
 JOIN employer_profiles AS ep ON ep.serviceCenterId = sc.id
 GROUP BY serviceCenterId
 ) AS f
Exception is java.sql.SQLException: Column 'address' not found.
[DEBUG] 2023-12-28 20:36:56.225 [main] ValidationView - JDBC or my batis?
[DEBUG] 2023-12-28 20:36:56.233 [main] ValidationView - 1: JDBC
[DEBUG] 2023-12-28 20:36:56.234 [main] ValidationView - 2: XML
[INFO ] 2023-12-28 20:36:58.196 [main] ValidationView - Log in or registration?
[INFO ] 2023-12-28 20:36:58.196 [main] ValidationView - 1: log in
[INFO ] 2023-12-28 20:36:58.197 [main] ValidationView - 2: registration
[INFO ] 2023-12-28 20:37:03.915 [main] ValidationView - Input login
[INFO ] 2023-12-28 20:37:06.272 [main] ValidationView - Input password
[INFO ] 2023-12-28 20:37:08.429 [main] ValidationView - User isn't exist
[INFO ] 2023-12-28 20:37:08.430 [main] ValidationView - Input login
[INFO ] 2023-12-28 20:37:18.211 [main] ValidationView - Input password
[INFO ] 2023-12-28 20:37:20.650 [main] ValidationView - User with loginMyUseralready existed
[INFO ] 2023-12-28 20:37:20.651 [main] ValidationView - Log in or registration?
[INFO ] 2023-12-28 20:37:20.651 [main] ValidationView - 1: log in
[INFO ] 2023-12-28 20:37:20.652 [main] ValidationView - 2: registration
[DEBUG] 2023-12-28 20:38:41.963 [main] ValidationView - JDBC or my batis?
[DEBUG] 2023-12-28 20:38:41.968 [main] ValidationView - 1: JDBC
[DEBUG] 2023-12-28 20:38:41.969 [main] ValidationView - 2: XML
[INFO ] 2023-12-28 20:38:46.719 [main] ValidationView - Log in or registration?
[INFO ] 2023-12-28 20:38:46.720 [main] ValidationView - 1: log in
[INFO ] 2023-12-28 20:38:46.720 [main] ValidationView - 2: registration
[INFO ] 2023-12-28 20:38:48.419 [main] ValidationView - Input login
[INFO ] 2023-12-28 20:38:50.777 [main] ValidationView - Input password
[INFO ] 2023-12-28 20:38:53.569 [main] CustomerProfileView - nickname: User#40
[INFO ] 2023-12-28 20:38:53.569 [main] CustomerProfileView - phone: None
[INFO ] 2023-12-28 20:38:53.570 [main] CustomerProfileView - email: MyUser
[INFO ] 2023-12-28 20:38:53.570 [main] CustomerProfileView - 1: profile
[INFO ] 2023-12-28 20:38:53.571 [main] CustomerProfileView - 2: orders
[DEBUG] 2023-12-28 20:38:56.090 [main] CustomerProfileView - 1: create new order
[DEBUG] 2023-12-28 20:38:56.091 [main] CustomerProfileView - 2: check order history
[DEBUG] 2023-12-28 20:38:56.091 [main] CustomerProfileView - 3: return
[DEBUG] 2023-12-28 20:38:57.569 [main] CustomerProfileView - Type: 
[DEBUG] 2023-12-28 20:38:58.363 [main] CustomerProfileView - Producer: 
[DEBUG] 2023-12-28 20:38:58.911 [main] CustomerProfileView - Model: 
[DEBUG] 2023-12-28 20:39:01.730 [main] CustomerProfileView - Price: 
[DEBUG] 2023-12-28 20:39:46.286 [main] ValidationView - JDBC or my batis?
[DEBUG] 2023-12-28 20:39:46.289 [main] ValidationView - 1: JDBC
[DEBUG] 2023-12-28 20:39:46.290 [main] ValidationView - 2: XML
[INFO ] 2023-12-28 20:39:50.561 [main] CustomerProfileView - nickname: pas2
[INFO ] 2023-12-28 20:39:50.562 [main] CustomerProfileView - phone: 1
[INFO ] 2023-12-28 20:39:50.562 [main] CustomerProfileView - email: log2
[INFO ] 2023-12-28 20:39:50.563 [main] CustomerProfileView - 1: profile
[INFO ] 2023-12-28 20:39:50.563 [main] CustomerProfileView - 2: orders
[DEBUG] 2023-12-28 20:39:52.542 [main] CustomerProfileView - 1: create new order
[DEBUG] 2023-12-28 20:39:52.542 [main] CustomerProfileView - 2: check order history
[DEBUG] 2023-12-28 20:39:52.543 [main] CustomerProfileView - 3: return
[DEBUG] 2023-12-28 20:39:54.256 [main] CustomerProfileView - Type: 
[DEBUG] 2023-12-28 20:39:55.580 [main] CustomerProfileView - Producer: 
[DEBUG] 2023-12-28 20:39:55.953 [main] CustomerProfileView - Model: 
[DEBUG] 2023-12-28 20:39:56.321 [main] CustomerProfileView - Price: 
[DEBUG] 2023-12-28 20:40:27.662 [main] ValidationView - JDBC or my batis?
[DEBUG] 2023-12-28 20:40:27.669 [main] ValidationView - 1: JDBC
[DEBUG] 2023-12-28 20:40:27.670 [main] ValidationView - 2: XML
[INFO ] 2023-12-28 20:40:30.051 [main] CustomerProfileView - nickname: pas2
[INFO ] 2023-12-28 20:40:30.051 [main] CustomerProfileView - phone: 1
[INFO ] 2023-12-28 20:40:30.051 [main] CustomerProfileView - email: log2
[INFO ] 2023-12-28 20:40:30.052 [main] CustomerProfileView - 1: profile
[INFO ] 2023-12-28 20:40:30.052 [main] CustomerProfileView - 2: orders
[DEBUG] 2023-12-28 20:40:32.667 [main] CustomerProfileView - 1: create new order
[DEBUG] 2023-12-28 20:40:32.668 [main] CustomerProfileView - 2: check order history
[DEBUG] 2023-12-28 20:40:32.668 [main] CustomerProfileView - 3: return
[DEBUG] 2023-12-28 20:40:33.695 [main] CustomerProfileView - Type: 
[DEBUG] 2023-12-28 20:40:34.479 [main] CustomerProfileView - Producer: 
[DEBUG] 2023-12-28 20:40:34.789 [main] CustomerProfileView - Model: 
[DEBUG] 2023-12-28 20:40:35.104 [main] CustomerProfileView - Price: 
[DEBUG] 2023-12-28 20:41:22.637 [main] ValidationView - JDBC or my batis?
[DEBUG] 2023-12-28 20:41:22.641 [main] ValidationView - 1: JDBC
[DEBUG] 2023-12-28 20:41:22.642 [main] ValidationView - 2: XML
[INFO ] 2023-12-28 20:41:26.054 [main] CustomerProfileView - nickname: pas2
[INFO ] 2023-12-28 20:41:26.055 [main] CustomerProfileView - phone: 1
[INFO ] 2023-12-28 20:41:26.055 [main] CustomerProfileView - email: log2
[INFO ] 2023-12-28 20:41:26.056 [main] CustomerProfileView - 1: profile
[INFO ] 2023-12-28 20:41:26.056 [main] CustomerProfileView - 2: orders
[DEBUG] 2023-12-28 20:41:28.086 [main] CustomerProfileView - 1: create new order
[DEBUG] 2023-12-28 20:41:28.086 [main] CustomerProfileView - 2: check order history
[DEBUG] 2023-12-28 20:41:28.087 [main] CustomerProfileView - 3: return
[DEBUG] 2023-12-28 20:41:29.095 [main] CustomerProfileView - Type: 
[DEBUG] 2023-12-28 20:41:29.757 [main] CustomerProfileView - Producer: 
[DEBUG] 2023-12-28 20:41:30.129 [main] CustomerProfileView - Model: 
[DEBUG] 2023-12-28 20:41:30.515 [main] CustomerProfileView - Price: 
[DEBUG] 2023-12-28 20:50:59.344 [main] ValidationView - JDBC or my batis?
[DEBUG] 2023-12-28 20:50:59.351 [main] ValidationView - 1: JDBC
[DEBUG] 2023-12-28 20:50:59.352 [main] ValidationView - 2: XML
[INFO ] 2023-12-28 20:51:02.355 [main] CustomerProfileView - nickname: pas2
[INFO ] 2023-12-28 20:51:02.355 [main] CustomerProfileView - phone: 1
[INFO ] 2023-12-28 20:51:02.356 [main] CustomerProfileView - email: log2
[INFO ] 2023-12-28 20:51:02.356 [main] CustomerProfileView - 1: profile
[INFO ] 2023-12-28 20:51:02.356 [main] CustomerProfileView - 2: orders
[DEBUG] 2023-12-28 20:51:05.274 [main] CustomerProfileView - 1: create new order
[DEBUG] 2023-12-28 20:51:05.274 [main] CustomerProfileView - 2: check order history
[DEBUG] 2023-12-28 20:51:05.275 [main] CustomerProfileView - 3: return
[DEBUG] 2023-12-28 20:51:06.970 [main] CustomerProfileView - Type: 
[DEBUG] 2023-12-28 20:51:07.802 [main] CustomerProfileView - Producer: 
[DEBUG] 2023-12-28 20:51:08.140 [main] CustomerProfileView - Model: 
[DEBUG] 2023-12-28 20:51:08.561 [main] CustomerProfileView - Price: 
[DEBUG] 2023-12-28 20:51:47.721 [main] ValidationView - JDBC or my batis?
[DEBUG] 2023-12-28 20:51:47.726 [main] ValidationView - 1: JDBC
[DEBUG] 2023-12-28 20:51:47.727 [main] ValidationView - 2: XML
[INFO ] 2023-12-28 20:51:52.930 [main] CustomerProfileView - nickname: pas2
[INFO ] 2023-12-28 20:51:52.931 [main] CustomerProfileView - phone: 1
[INFO ] 2023-12-28 20:51:52.931 [main] CustomerProfileView - email: log2
[INFO ] 2023-12-28 20:51:52.931 [main] CustomerProfileView - 1: profile
[INFO ] 2023-12-28 20:51:52.932 [main] CustomerProfileView - 2: orders
[DEBUG] 2023-12-28 20:51:54.947 [main] CustomerProfileView - 1: create new order
[DEBUG] 2023-12-28 20:51:54.948 [main] CustomerProfileView - 2: check order history
[DEBUG] 2023-12-28 20:51:54.948 [main] CustomerProfileView - 3: return
[DEBUG] 2023-12-28 20:51:56.322 [main] CustomerProfileView - Type: 
[DEBUG] 2023-12-28 20:51:57.485 [main] CustomerProfileView - Producer: 
[DEBUG] 2023-12-28 20:51:57.785 [main] CustomerProfileView - Model: 
[DEBUG] 2023-12-28 20:51:58.113 [main] CustomerProfileView - Price: 
[ERROR] 2023-12-28 20:51:58.512 [main] EquipmentsDAO - Some error with table equipments
query is INSERT INTO equipments(type, Producer, model, price)  VALUES ( 4, 4, 4, '4.0' )
Exception is java.sql.SQLIntegrityConstraintViolationException: Duplicate entry '4-4-4' for key 'EquipmentType'
[ERROR] 2023-12-28 20:51:58.515 [main] CustomerProfileView - java.lang.RuntimeException: java.sql.SQLIntegrityConstraintViolationException: Duplicate entry '4-4-4' for key 'EquipmentType'
[DEBUG] 2023-12-28 20:51:58.515 [main] CustomerProfileView - 1: create new order
[DEBUG] 2023-12-28 20:51:58.516 [main] CustomerProfileView - 2: check order history
[DEBUG] 2023-12-28 20:51:58.516 [main] CustomerProfileView - 3: return
[DEBUG] 2023-12-28 20:51:58.516 [main] CustomerProfileView - 1: create new order
[DEBUG] 2023-12-28 20:51:58.516 [main] CustomerProfileView - 2: check order history
[DEBUG] 2023-12-28 20:51:58.517 [main] CustomerProfileView - 3: return
[DEBUG] 2023-12-28 20:52:49.047 [main] CustomerProfileView - Type: 
[DEBUG] 2023-12-28 20:52:50.356 [main] CustomerProfileView - Producer: 
[DEBUG] 2023-12-28 20:52:50.728 [main] CustomerProfileView - Model: 
[DEBUG] 2023-12-28 20:52:51.138 [main] CustomerProfileView - Price: 
[INFO ] 2023-12-28 20:53:18.880 [main] CustomerProfileView - Order was successfully created
[DEBUG] 2023-12-28 20:53:18.881 [main] CustomerProfileView - 1: create new order
[DEBUG] 2023-12-28 20:53:18.881 [main] CustomerProfileView - 2: check order history
[DEBUG] 2023-12-28 20:53:18.883 [main] CustomerProfileView - 3: return
[DEBUG] 2023-12-28 20:53:18.883 [main] CustomerProfileView - 1: create new order
[DEBUG] 2023-12-28 20:53:18.884 [main] CustomerProfileView - 2: check order history
[DEBUG] 2023-12-28 20:53:18.884 [main] CustomerProfileView - 3: return
[INFO ] 2023-12-28 20:53:35.603 [main] CustomerProfileView - 1 of Orders
[INFO ] 2023-12-28 20:53:35.604 [main] CustomerProfileView - Number of order is 6. Device is 4 null 4
 Status:  not returned , repair duration is 13, cost is 275.0

[DEBUG] 2023-12-28 20:53:35.604 [main] CustomerProfileView - Input number 
[DEBUG] 2023-12-28 20:53:47.738 [main] CustomerProfileView - [redirect...]
[INFO ] 2023-12-28 20:53:52.873 [main] CustomerProfileView - 1 of Orders
[INFO ] 2023-12-28 20:53:52.873 [main] CustomerProfileView - Number of order is 6. Device is 4 null 4
 Status:  not returned , repair duration is 13, cost is 275.0

[DEBUG] 2023-12-28 20:53:52.873 [main] CustomerProfileView - Input number 
[DEBUG] 2023-12-28 20:53:59.710 [main] CustomerProfileView - [redirect...]
[INFO ] 2023-12-28 20:54:17.764 [main] CustomerProfileView - 1 of Orders
[INFO ] 2023-12-28 20:54:17.766 [main] CustomerProfileView - Number of order is 6. Device is 4 null 4
 Status:  not returned , repair duration is 13, cost is 275.0

[DEBUG] 2023-12-28 20:54:17.767 [main] CustomerProfileView - Input number 
